[debug] [2019-06-15T18:31:05.453Z] ----------------------------------------------------------------------
[debug] [2019-06-15T18:31:05.455Z] Command:       /usr/local/bin/node /Users/akilahjackson/.npm-global/bin/firebase open
[debug] [2019-06-15T18:31:05.455Z] CLI Version:   7.0.0
[debug] [2019-06-15T18:31:05.455Z] Platform:      darwin
[debug] [2019-06-15T18:31:05.455Z] Node Version:  v12.4.0
[debug] [2019-06-15T18:31:05.456Z] Time:          Sat Jun 15 2019 13:31:05 GMT-0500 (Central Daylight Time)
[debug] [2019-06-15T18:31:05.456Z] ----------------------------------------------------------------------
[debug] 
[debug] [2019-06-15T18:31:05.468Z] > command requires scopes: ["email","openid","https://www.googleapis.com/auth/cloudplatformprojects.readonly","https://www.googleapis.com/auth/firebase","https://www.googleapis.com/auth/cloud-platform"]
[debug] [2019-06-15T18:31:05.468Z] > authorizing via signed-in user
[debug] [2019-06-15T18:31:05.468Z] [iam] checking project miaa-webapp for permissions ["firebase.projects.get"]
[debug] [2019-06-15T18:31:05.470Z] >>> HTTP REQUEST POST https://cloudresourcemanager.googleapis.com/v1/projects/miaa-webapp:testIamPermissions  

[debug] [2019-06-15T18:31:05.711Z] <<< HTTP RESPONSE 200
[debug] [2019-06-15T18:31:05.714Z] >>> HTTP REQUEST GET https://firebase.googleapis.com/v1beta1/projects/miaa-webapp  
 
[debug] [2019-06-15T18:31:05.907Z] <<< HTTP RESPONSE 200
[debug] [2019-06-15T18:31:06.035Z] TypeError: prompt.once is not a function
    at Command._action (/Users/akilahjackson/.npm-global/lib/node_modules/firebase-tools/lib/commands/open.js:69:14)
    at /Users/akilahjackson/.npm-global/lib/node_modules/firebase-tools/lib/command.js:163:37
    at processTicksAndRejections (internal/process/task_queues.js:89:5)
[error] 
[error] Error: An unexpected error has occurred.
